<?xml version="1.0" encoding="UTF-8"?>
<robot generator="Robot 7.2 (Python 3.10.6 on win32)" generated="2025-02-26T14:09:14.019351" rpa="false" schemaversion="5">
<suite id="s1" name="Plus" source="D:\kmitl\softprocess\jenkins-robot\jenkins-robot\plus.robot">
<test id="s1-t1" name="Test X Is 1" line="19">
<kw name="Get Calculation JSON">
<kw name="GET" owner="RequestsLibrary">
<msg time="2025-02-26T14:09:14.124185" level="INFO">GET Request : url=http://127.0.0.1:5001/cir_sur/1 
 path_url=/cir_sur/1 
 headers={'User-Agent': 'python-requests/2.19.1', 'Accept-Encoding': 'gzip, deflate', 'Accept': '*/*', 'Connection': 'keep-alive'} 
 body=None 
 </msg>
<msg time="2025-02-26T14:09:14.125161" level="INFO">GET Response : url=http://127.0.0.1:5001/cir_sur/1 
 status=200, reason=OK 
 headers={'Server': 'Werkzeug/3.1.3 Python/3.10.6', 'Date': 'Wed, 26 Feb 2025 07:09:14 GMT', 'Content-Type': 'application/json', 'Content-Length': '6', 'Connection': 'close'} 
 body=12.56
 
 </msg>
<msg time="2025-02-26T14:09:14.126137" level="INFO">${resp} = &lt;Response [200]&gt;</msg>
<var>${resp}</var>
<arg>${BASE_URL}/${num1}</arg>
<arg>expected_status=${status}</arg>
<doc>Sends a GET request.</doc>
<status status="PASS" start="2025-02-26T14:09:14.120273" elapsed="0.005864"/>
</kw>
<kw name="Run Keyword If" owner="BuiltIn">
<kw name="Return From Keyword" owner="BuiltIn">
<msg time="2025-02-26T14:09:14.127115" level="INFO">Returning from the enclosing user keyword.</msg>
<arg>${resp.json()}</arg>
<doc>Returns from the enclosing user keyword.</doc>
<status status="PASS" start="2025-02-26T14:09:14.127115" elapsed="0.000000"/>
</kw>
<arg>${resp.status_code} == ${status}</arg>
<arg>Return From Keyword</arg>
<arg>${resp.json()}</arg>
<doc>Runs the given keyword with the given arguments, if ``condition`` is true.</doc>
<status status="PASS" start="2025-02-26T14:09:14.126137" elapsed="0.000978"/>
</kw>
<kw name="Fail" owner="BuiltIn">
<arg>Unexpected status code: ${resp.status_code}</arg>
<doc>Fails the test with the given message and optionally alters its tags.</doc>
<status status="NOT RUN" start="2025-02-26T14:09:14.127115" elapsed="0.000000"/>
</kw>
<msg time="2025-02-26T14:09:14.127115" level="INFO">${json_resp} = 12.56</msg>
<var>${json_resp}</var>
<arg>1</arg>
<arg>200</arg>
<status status="PASS" start="2025-02-26T14:09:14.119269" elapsed="0.007846"/>
</kw>
<kw name="Should Be Equal As Numbers" owner="BuiltIn">
<msg time="2025-02-26T14:09:14.128619" level="INFO">Argument types are:
&lt;class 'float'&gt;
&lt;class 'str'&gt;</msg>
<arg>${json_resp}</arg>
<arg>12.56</arg>
<doc>Fails if objects are unequal after converting them to real numbers.</doc>
<status status="PASS" start="2025-02-26T14:09:14.127115" elapsed="0.001504"/>
</kw>
<status status="PASS" start="2025-02-26T14:09:14.119269" elapsed="0.009350"/>
</test>
<test id="s1-t2" name="Test X Is Neg10" line="23">
<kw name="Get Calculation JSON">
<kw name="GET" owner="RequestsLibrary">
<msg time="2025-02-26T14:09:14.133541" level="INFO">GET Request : url=http://127.0.0.1:5001/cir_sur/-10 
 path_url=/cir_sur/-10 
 headers={'User-Agent': 'python-requests/2.19.1', 'Accept-Encoding': 'gzip, deflate', 'Accept': '*/*', 'Connection': 'keep-alive'} 
 body=None 
 </msg>
<msg time="2025-02-26T14:09:14.133541" level="INFO">GET Response : url=http://127.0.0.1:5001/cir_sur/-10 
 status=200, reason=OK 
 headers={'Server': 'Werkzeug/3.1.3 Python/3.10.6', 'Date': 'Wed, 26 Feb 2025 07:09:14 GMT', 'Content-Type': 'application/json', 'Content-Length': '4', 'Connection': 'close'} 
 body=0.0
 
 </msg>
<msg time="2025-02-26T14:09:14.133541" level="INFO">${resp} = &lt;Response [200]&gt;</msg>
<var>${resp}</var>
<arg>${BASE_URL}/${num1}</arg>
<arg>expected_status=${status}</arg>
<doc>Sends a GET request.</doc>
<status status="PASS" start="2025-02-26T14:09:14.130606" elapsed="0.002935"/>
</kw>
<kw name="Run Keyword If" owner="BuiltIn">
<kw name="Return From Keyword" owner="BuiltIn">
<msg time="2025-02-26T14:09:14.134518" level="INFO">Returning from the enclosing user keyword.</msg>
<arg>${resp.json()}</arg>
<doc>Returns from the enclosing user keyword.</doc>
<status status="PASS" start="2025-02-26T14:09:14.134518" elapsed="0.000000"/>
</kw>
<arg>${resp.status_code} == ${status}</arg>
<arg>Return From Keyword</arg>
<arg>${resp.json()}</arg>
<doc>Runs the given keyword with the given arguments, if ``condition`` is true.</doc>
<status status="PASS" start="2025-02-26T14:09:14.134518" elapsed="0.000000"/>
</kw>
<kw name="Fail" owner="BuiltIn">
<arg>Unexpected status code: ${resp.status_code}</arg>
<doc>Fails the test with the given message and optionally alters its tags.</doc>
<status status="NOT RUN" start="2025-02-26T14:09:14.134518" elapsed="0.000976"/>
</kw>
<msg time="2025-02-26T14:09:14.135494" level="INFO">${json_resp} = 0.0</msg>
<var>${json_resp}</var>
<arg>-10</arg>
<arg>200</arg>
<status status="PASS" start="2025-02-26T14:09:14.129601" elapsed="0.005893"/>
</kw>
<kw name="Should Be Equal As Numbers" owner="BuiltIn">
<msg time="2025-02-26T14:09:14.136474" level="INFO">Argument types are:
&lt;class 'float'&gt;
&lt;class 'str'&gt;</msg>
<arg>${json_resp}</arg>
<arg>0.00</arg>
<doc>Fails if objects are unequal after converting them to real numbers.</doc>
<status status="PASS" start="2025-02-26T14:09:14.135494" elapsed="0.000980"/>
</kw>
<status status="PASS" start="2025-02-26T14:09:14.129601" elapsed="0.006873"/>
</test>
<test id="s1-t3" name="Test X Is 1dot5" line="27">
<kw name="Get Calculation JSON">
<kw name="GET" owner="RequestsLibrary">
<msg time="2025-02-26T14:09:14.140945" level="INFO">GET Request : url=http://127.0.0.1:5001/cir_sur/1.5 
 path_url=/cir_sur/1.5 
 headers={'User-Agent': 'python-requests/2.19.1', 'Accept-Encoding': 'gzip, deflate', 'Accept': '*/*', 'Connection': 'keep-alive'} 
 body=None 
 </msg>
<msg time="2025-02-26T14:09:14.140945" level="INFO">GET Response : url=http://127.0.0.1:5001/cir_sur/1.5 
 status=200, reason=OK 
 headers={'Server': 'Werkzeug/3.1.3 Python/3.10.6', 'Date': 'Wed, 26 Feb 2025 07:09:14 GMT', 'Content-Type': 'application/json', 'Content-Length': '6', 'Connection': 'close'} 
 body=28.26
 
 </msg>
<msg time="2025-02-26T14:09:14.140945" level="INFO">${resp} = &lt;Response [200]&gt;</msg>
<var>${resp}</var>
<arg>${BASE_URL}/${num1}</arg>
<arg>expected_status=${status}</arg>
<doc>Sends a GET request.</doc>
<status status="PASS" start="2025-02-26T14:09:14.137449" elapsed="0.003496"/>
</kw>
<kw name="Run Keyword If" owner="BuiltIn">
<kw name="Return From Keyword" owner="BuiltIn">
<msg time="2025-02-26T14:09:14.141926" level="INFO">Returning from the enclosing user keyword.</msg>
<arg>${resp.json()}</arg>
<doc>Returns from the enclosing user keyword.</doc>
<status status="PASS" start="2025-02-26T14:09:14.141926" elapsed="0.000000"/>
</kw>
<arg>${resp.status_code} == ${status}</arg>
<arg>Return From Keyword</arg>
<arg>${resp.json()}</arg>
<doc>Runs the given keyword with the given arguments, if ``condition`` is true.</doc>
<status status="PASS" start="2025-02-26T14:09:14.141926" elapsed="0.000000"/>
</kw>
<kw name="Fail" owner="BuiltIn">
<arg>Unexpected status code: ${resp.status_code}</arg>
<doc>Fails the test with the given message and optionally alters its tags.</doc>
<status status="NOT RUN" start="2025-02-26T14:09:14.141926" elapsed="0.000000"/>
</kw>
<msg time="2025-02-26T14:09:14.142904" level="INFO">${json_resp} = 28.26</msg>
<var>${json_resp}</var>
<arg>1.5</arg>
<arg>200</arg>
<status status="PASS" start="2025-02-26T14:09:14.137449" elapsed="0.005455"/>
</kw>
<kw name="Should Be Equal As Numbers" owner="BuiltIn">
<msg time="2025-02-26T14:09:14.142904" level="INFO">Argument types are:
&lt;class 'float'&gt;
&lt;class 'str'&gt;</msg>
<arg>${json_resp}</arg>
<arg>28.26</arg>
<doc>Fails if objects are unequal after converting them to real numbers.</doc>
<status status="PASS" start="2025-02-26T14:09:14.142904" elapsed="0.000979"/>
</kw>
<status status="PASS" start="2025-02-26T14:09:14.137449" elapsed="0.006434"/>
</test>
<status status="PASS" start="2025-02-26T14:09:14.021305" elapsed="0.123552"/>
</suite>
<statistics>
<total>
<stat pass="3" fail="0" skip="0">All Tests</stat>
</total>
<tag>
</tag>
<suite>
<stat name="Plus" id="s1" pass="3" fail="0" skip="0">Plus</stat>
</suite>
</statistics>
<errors>
</errors>
</robot>
